\BOOKMARK [1][-]{section.1}{Proposta de Trabalho de Conclus\343o de Curso}{}% 1
\BOOKMARK [2][-]{subsection.1.1}{Descri\347\343o do Problema}{section.1}% 2
\BOOKMARK [2][-]{subsection.1.2}{Proposta de solu\347\343o}{section.1}% 3
\BOOKMARK [2][-]{subsection.1.3}{Objetivos}{section.1}% 4
\BOOKMARK [3][-]{subsubsection.1.3.1}{Objetivo Geral}{subsection.1.3}% 5
\BOOKMARK [3][-]{subsubsection.1.3.2}{Objetivos Espec\355ficos}{subsection.1.3}% 6
\BOOKMARK [1][-]{section.2}{Trabalhos Relacionados}{}% 7
\BOOKMARK [2][-]{subsection.2.1}{BovControl}{section.2}% 8
\BOOKMARK [2][-]{subsection.2.2}{JetBov}{section.2}% 9
\BOOKMARK [2][-]{subsection.2.3}{A3Pecu\341ria}{section.2}% 10
\BOOKMARK [2][-]{subsection.2.4}{An\341lise Comparativa dos Trabalhos Relacionados}{section.2}% 11
\BOOKMARK [1][-]{section.3}{Modelo de requisitos}{}% 12
\BOOKMARK [2][-]{subsection.3.1}{Diagrama de Casos de uso}{section.3}% 13
\BOOKMARK [2][-]{subsection.3.2}{Especifica\347\343o de Casos de Uso}{section.3}% 14
\BOOKMARK [2][-]{subsection.3.3}{Prot\363tipos de Tela}{section.3}% 15
\BOOKMARK [3][-]{subsubsection.3.3.1}{IV001}{subsection.3.3}% 16
\BOOKMARK [3][-]{subsubsection.3.3.2}{IV002}{subsection.3.3}% 17
\BOOKMARK [3][-]{subsubsection.3.3.3}{IV003}{subsection.3.3}% 18
\BOOKMARK [3][-]{subsubsection.3.3.4}{IV004}{subsection.3.3}% 19
\BOOKMARK [3][-]{subsubsection.3.3.5}{IV005}{subsection.3.3}% 20
\BOOKMARK [3][-]{subsubsection.3.3.6}{IV006}{subsection.3.3}% 21
\BOOKMARK [3][-]{subsubsection.3.3.7}{IV007}{subsection.3.3}% 22
\BOOKMARK [3][-]{subsubsection.3.3.8}{IV008}{subsection.3.3}% 23
\BOOKMARK [1][-]{section.4}{Modelagem do Sistema}{}% 24
\BOOKMARK [2][-]{subsection.4.1}{Diagramas de Atividade}{section.4}% 25
\BOOKMARK [2][-]{subsection.4.2}{Modelagem do Banco de Dados}{section.4}% 26
\BOOKMARK [1][-]{section.5}{Proposta de Solu\347\343o Tecnol\363gica Escolhida}{}% 27
\BOOKMARK [2][-]{subsection.5.1}{Metodologia}{section.5}% 28
\BOOKMARK [3][-]{subsubsection.5.1.1}{Metodologia de pesquisa}{subsection.5.1}% 29
\BOOKMARK [3][-]{subsubsection.5.1.2}{Metodologia de desenvolvimento}{subsection.5.1}% 30
\BOOKMARK [2][-]{subsection.5.2}{Tecnologias Adotadas}{section.5}% 31
\BOOKMARK [2][-]{subsection.5.3}{Ferramentas Adotadas}{section.5}% 32
\BOOKMARK [1][-]{section.6}{Cronograma}{}% 33
\BOOKMARK [1][-]{section.7}{Refer\352ncias}{}% 34
